<?xml version="1.0" encoding="UTF-8"?>
<!-- Generated by org.testng.reporters.JUnitReportReporter -->
<testsuite hostname="LAPTOP-INRT5BUS" name="com.crm.CampaignTest.CampaignTestConstants" tests="1" failures="0" timestamp="28 Dec 2016 10:15:01 GMT" time="9.350" errors="0">
  <testcase name="CreateCampaignTest" time="9.350" classname="com.crm.CampaignTest.CampaignTestConstants"/>
</testsuite> <!-- com.crm.CampaignTest.CampaignTestConstants -->
