<?xml version="1.0" encoding="UTF-8"?>
<!-- Generated by org.testng.reporters.JUnitReportReporter -->
<testsuite hostname="LAPTOP-INRT5BUS" name="com.crm.CampaignTestPageLib.CampaignTestPageLib" tests="1" failures="0" timestamp="29 Dec 2016 09:08:25 GMT" time="9.511" errors="0">
  <testcase name="createCampaignTest" time="9.511" classname="com.crm.CampaignTestPageLib.CampaignTestPageLib"/>
</testsuite> <!-- com.crm.CampaignTestPageLib.CampaignTestPageLib -->
