<?xml version="1.0" encoding="UTF-8"?>
<!-- Generated by org.testng.reporters.JUnitReportReporter -->
<testsuite hostname="LAPTOP-INRT5BUS" name="com.crm.CampaignTest.CampaignTest" tests="1" failures="0" timestamp="28 Dec 2016 09:08:09 GMT" time="36.800" errors="0">
  <testcase name="CreateCampaignTest" time="36.800" classname="com.crm.CampaignTest.CampaignTest"/>
</testsuite> <!-- com.crm.CampaignTest.CampaignTest -->
